\BOOKMARK [1][-]{section.1}{\376\377\000C\000o\000m\000m\000a\000n\000d\000:\000\040\000a\000d\000m\000i\000n}{}% 1
\BOOKMARK [2][-]{subsection.1.1}{\376\377\000T\000a\000g\000:\000\040}{section.1}% 2
\BOOKMARK [1][-]{section.2}{\376\377\000C\000o\000m\000m\000a\000n\000d\000:\000\040\000a\000l\000i\000a\000s}{}% 3
\BOOKMARK [2][-]{subsection.2.1}{\376\377\000T\000a\000g\000:\000\040}{section.2}% 4
\BOOKMARK [1][-]{section.3}{\376\377\000C\000o\000m\000m\000a\000n\000d\000:\000\040\000a\000s\000s\000i\000g\000n}{}% 5
\BOOKMARK [2][-]{subsection.3.1}{\376\377\000T\000a\000g\000:\000\040}{section.3}% 6
\BOOKMARK [1][-]{section.4}{\376\377\000C\000o\000m\000m\000a\000n\000d\000:\000\040\000b\000u\000g}{}% 7
\BOOKMARK [2][-]{subsection.4.1}{\376\377\000T\000a\000g\000:\000\040}{section.4}% 8
\BOOKMARK [1][-]{section.5}{\376\377\000C\000o\000m\000m\000a\000n\000d\000:\000\040\000b\000u\000g\000s}{}% 9
\BOOKMARK [2][-]{subsection.5.1}{\376\377\000T\000a\000g\000:\000\040}{section.5}% 10
\BOOKMARK [1][-]{section.6}{\376\377\000C\000o\000m\000m\000a\000n\000d\000:\000\040\000c\000l\000e\000a\000r}{}% 11
\BOOKMARK [2][-]{subsection.6.1}{\376\377\000T\000a\000g\000:\000\040}{section.6}% 12
\BOOKMARK [1][-]{section.7}{\376\377\000C\000o\000m\000m\000a\000n\000d\000:\000\040\000c\000m\000d\000s}{}% 13
\BOOKMARK [2][-]{subsection.7.1}{\376\377\000T\000a\000g\000:\000\040\000a\000l\000l}{section.7}% 14
\BOOKMARK [2][-]{subsection.7.2}{\376\377\000T\000a\000g\000:\000\040\000c\000h\000a\000n\000n\000e\000l}{section.7}% 15
\BOOKMARK [1][-]{section.8}{\376\377\000C\000o\000m\000m\000a\000n\000d\000:\000\040\000c\000o\000g\000s}{}% 16
\BOOKMARK [2][-]{subsection.8.1}{\376\377\000T\000a\000g\000:\000\040}{section.8}% 17
\BOOKMARK [1][-]{section.9}{\376\377\000C\000o\000m\000m\000a\000n\000d\000:\000\040\000c\000o\000o\000r\000d}{}% 18
\BOOKMARK [2][-]{subsection.9.1}{\376\377\000T\000a\000g\000:\000\040}{section.9}% 19
\BOOKMARK [1][-]{section.10}{\376\377\000C\000o\000m\000m\000a\000n\000d\000:\000\040\000c\000o\000o\000r\000d\000s}{}% 20
\BOOKMARK [2][-]{subsection.10.1}{\376\377\000T\000a\000g\000:\000\040\000a\000l\000l}{section.10}% 21
\BOOKMARK [2][-]{subsection.10.2}{\376\377\000T\000a\000g\000:\000\040\000c\000h\000a\000n\000n\000e\000l}{section.10}% 22
\BOOKMARK [2][-]{subsection.10.3}{\376\377\000T\000a\000g\000:\000\040\000m\000e\000m\000b\000e\000r}{section.10}% 23
\BOOKMARK [1][-]{section.11}{\376\377\000C\000o\000m\000m\000a\000n\000d\000:\000\040\000d\000e\000v}{}% 24
\BOOKMARK [2][-]{subsection.11.1}{\376\377\000T\000a\000g\000:\000\040}{section.11}% 25
\BOOKMARK [1][-]{section.12}{\376\377\000C\000o\000m\000m\000a\000n\000d\000:\000\040\000d\000e\000v\000s}{}% 26
\BOOKMARK [2][-]{subsection.12.1}{\376\377\000T\000a\000g\000:\000\040}{section.12}% 27
\BOOKMARK [1][-]{section.13}{\376\377\000C\000o\000m\000m\000a\000n\000d\000:\000\040\000h\000e\000l\000p}{}% 28
\BOOKMARK [2][-]{subsection.13.1}{\376\377\000T\000a\000g\000:\000\040\000a\000p\000p\000\040\000m\000o\000d\000e\000r\000a\000t\000o\000r}{section.13}% 29
\BOOKMARK [2][-]{subsection.13.2}{\376\377\000T\000a\000g\000:\000\040\000s\000y\000s\000a\000d\000m\000i\000n}{section.13}% 30
\BOOKMARK [2][-]{subsection.13.3}{\376\377\000T\000a\000g\000:\000\040\000d\000e\000v\000e\000l\000o\000p\000e\000r}{section.13}% 31
\BOOKMARK [2][-]{subsection.13.4}{\376\377\000T\000a\000g\000:\000\040\000g\000u\000i\000l\000d\000\137\000o\000w\000n\000e\000r}{section.13}% 32
\BOOKMARK [2][-]{subsection.13.5}{\376\377\000T\000a\000g\000:\000\040\000a\000d\000m\000i\000n\000i\000s\000t\000r\000a\000t\000o\000r}{section.13}% 33
\BOOKMARK [2][-]{subsection.13.6}{\376\377\000T\000a\000g\000:\000\040\000c\000o\000o\000r\000d\000i\000n\000a\000t\000o\000r}{section.13}% 34
\BOOKMARK [2][-]{subsection.13.7}{\376\377\000T\000a\000g\000:\000\040\000m\000o\000d\000e\000r\000a\000t\000o\000r}{section.13}% 35
\BOOKMARK [1][-]{section.14}{\376\377\000C\000o\000m\000m\000a\000n\000d\000:\000\040\000h\000e\000r\000o}{}% 36
\BOOKMARK [2][-]{subsection.14.1}{\376\377\000T\000a\000g\000:\000\040}{section.14}% 37
\BOOKMARK [1][-]{section.15}{\376\377\000C\000o\000m\000m\000a\000n\000d\000:\000\040\000h\000e\000r\000o\000e\000s}{}% 38
\BOOKMARK [2][-]{subsection.15.1}{\376\377\000T\000a\000g\000:\000\040}{section.15}% 39
\BOOKMARK [1][-]{section.16}{\376\377\000C\000o\000m\000m\000a\000n\000d\000:\000\040\000l\000o\000a\000d}{}% 40
\BOOKMARK [2][-]{subsection.16.1}{\376\377\000T\000a\000g\000:\000\040}{section.16}% 41
\BOOKMARK [1][-]{section.17}{\376\377\000C\000o\000m\000m\000a\000n\000d\000:\000\040\000m\000o\000d}{}% 42
\BOOKMARK [2][-]{subsection.17.1}{\376\377\000T\000a\000g\000:\000\040}{section.17}% 43
\BOOKMARK [1][-]{section.18}{\376\377\000C\000o\000m\000m\000a\000n\000d\000:\000\040\000m\000o\000d\000s}{}% 44
\BOOKMARK [2][-]{subsection.18.1}{\376\377\000T\000a\000g\000:\000\040\000a\000l\000l}{section.18}% 45
\BOOKMARK [2][-]{subsection.18.2}{\376\377\000T\000a\000g\000:\000\040\000c\000h\000a\000n\000n\000e\000l}{section.18}% 46
\BOOKMARK [2][-]{subsection.18.3}{\376\377\000T\000a\000g\000:\000\040\000m\000e\000m\000b\000e\000r}{section.18}% 47
\BOOKMARK [1][-]{section.19}{\376\377\000C\000o\000m\000m\000a\000n\000d\000:\000\040\000m\000u\000t\000e}{}% 48
\BOOKMARK [2][-]{subsection.19.1}{\376\377\000T\000a\000g\000:\000\040}{section.19}% 49
\BOOKMARK [1][-]{section.20}{\376\377\000C\000o\000m\000m\000a\000n\000d\000:\000\040\000p\000i\000n\000g}{}% 50
\BOOKMARK [2][-]{subsection.20.1}{\376\377\000T\000a\000g\000:\000\040}{section.20}% 51
\BOOKMARK [1][-]{section.21}{\376\377\000C\000o\000m\000m\000a\000n\000d\000:\000\040\000r\000e\000l\000o\000a\000d}{}% 52
\BOOKMARK [2][-]{subsection.21.1}{\376\377\000T\000a\000g\000:\000\040}{section.21}% 53
\BOOKMARK [1][-]{section.22}{\376\377\000C\000o\000m\000m\000a\000n\000d\000:\000\040\000r\000m\000u\000t\000e}{}% 54
\BOOKMARK [2][-]{subsection.22.1}{\376\377\000T\000a\000g\000:\000\040}{section.22}% 55
\BOOKMARK [1][-]{section.23}{\376\377\000C\000o\000m\000m\000a\000n\000d\000:\000\040\000r\000m\000v}{}% 56
\BOOKMARK [2][-]{subsection.23.1}{\376\377\000T\000a\000g\000:\000\040}{section.23}% 57
\BOOKMARK [1][-]{section.24}{\376\377\000C\000o\000m\000m\000a\000n\000d\000:\000\040\000r\000o\000l\000e\000i\000d}{}% 58
\BOOKMARK [2][-]{subsection.24.1}{\376\377\000T\000a\000g\000:\000\040}{section.24}% 59
\BOOKMARK [1][-]{section.25}{\376\377\000C\000o\000m\000m\000a\000n\000d\000:\000\040\000s\000m\000u\000t\000e}{}% 60
\BOOKMARK [2][-]{subsection.25.1}{\376\377\000T\000a\000g\000:\000\040}{section.25}% 61
\BOOKMARK [1][-]{section.26}{\376\377\000C\000o\000m\000m\000a\000n\000d\000:\000\040\000s\000m\000u\000t\000e\000s}{}% 62
\BOOKMARK [2][-]{subsection.26.1}{\376\377\000T\000a\000g\000:\000\040}{section.26}% 63
\BOOKMARK [1][-]{section.27}{\376\377\000C\000o\000m\000m\000a\000n\000d\000:\000\040\000u\000n\000l\000o\000a\000d}{}% 64
\BOOKMARK [2][-]{subsection.27.1}{\376\377\000T\000a\000g\000:\000\040}{section.27}% 65
\BOOKMARK [1][-]{section.28}{\376\377\000C\000o\000m\000m\000a\000n\000d\000:\000\040\000v\000b\000a\000n}{}% 66
\BOOKMARK [2][-]{subsection.28.1}{\376\377\000T\000a\000g\000:\000\040}{section.28}% 67
\BOOKMARK [1][-]{section.29}{\376\377\000C\000o\000m\000m\000a\000n\000d\000:\000\040\000v\000f\000l\000a\000g}{}% 68
\BOOKMARK [2][-]{subsection.29.1}{\376\377\000T\000a\000g\000:\000\040}{section.29}% 69
\BOOKMARK [1][-]{section.30}{\376\377\000C\000o\000m\000m\000a\000n\000d\000:\000\040\000v\000t\000m\000u\000t\000e}{}% 70
\BOOKMARK [2][-]{subsection.30.1}{\376\377\000T\000a\000g\000:\000\040}{section.30}% 71
\BOOKMARK [1][-]{section.31}{\376\377\000C\000o\000m\000m\000a\000n\000d\000:\000\040\000v\000v\000r\000o\000l\000e}{}% 72
\BOOKMARK [2][-]{subsection.31.1}{\376\377\000T\000a\000g\000:\000\040}{section.31}% 73
\BOOKMARK [1][-]{section.32}{\376\377\000C\000o\000m\000m\000a\000n\000d\000:\000\040\000x\000r\000m\000u\000t\000e}{}% 74
\BOOKMARK [2][-]{subsection.32.1}{\376\377\000T\000a\000g\000:\000\040}{section.32}% 75
